# JRE version: Java(TM) SE Runtime Environment (8.0_45-b15) (build 1.8.0_45-b15)
# Java VM: Java HotSpot(TM) 64-Bit Server VM (25.45-b02 mixed mode windows-amd64 compressed oops)
Heap:
 PSYoungGen      total 84480K, used 53174K [0x00000000eab00000, 0x00000000f1480000, 0x0000000100000000)
  eden space 71168K, 62% used [0x00000000eab00000,0x00000000ed6708c0,0x00000000ef080000)
  from space 13312K, 65% used [0x00000000ef080000,0x00000000ef8fd0a0,0x00000000efd80000)
  to   space 13824K, 0% used [0x00000000efd80000,0x00000000efd80000,0x00000000f0b00000)
 ParOldGen       total 68608K, used 31338K [0x00000000c0000000, 0x00000000c4300000, 0x00000000eab00000)
  object space 68608K, 45% used [0x00000000c0000000,0x00000000c1e9ab68,0x00000000c4300000)
 Metaspace       used 38257K, capacity 40221K, committed 40320K, reserved 1083392K
  class space    used 5456K, capacity 6234K, committed 6272K, reserved 1048576K
GC Heap History (10 events):
Event: 10.016 GC heap before
{Heap before GC invocations=11 (full 1):
 PSYoungGen      total 65024K, used 65020K [0x00000000eab00000, 0x00000000ef400000, 0x0000000100000000)
  eden space 58368K, 100% used [0x00000000eab00000,0x00000000ee400000,0x00000000ee400000)
  from space 6656K, 99% used [0x00000000ee480000,0x00000000eeaff3c0,0x00000000eeb00000)
  to   space 8192K, 0% used [0x00000000eec00000,0x00000000eec00000,0x00000000ef400000)
 ParOldGen       total 35840K, used 11136K [0x00000000c0000000, 0x00000000c2300000, 0x00000000eab00000)
  object space 35840K, 31% used [0x00000000c0000000,0x00000000c0ae0198,0x00000000c2300000)
 Metaspace       used 29520K, capacity 30326K, committed 30464K, reserved 1075200K
  class space    used 3990K, capacity 4329K, committed 4352K, reserved 1048576K
Event: 10.072 GC heap after
Heap after GC invocations=11 (full 1):
 PSYoungGen      total 63488K, used 8161K [0x00000000eab00000, 0x00000000f0b80000, 0x0000000100000000)
  eden space 55296K, 0% used [0x00000000eab00000,0x00000000eab00000,0x00000000ee100000)
  from space 8192K, 99% used [0x00000000eec00000,0x00000000ef3f84f0,0x00000000ef400000)
  to   space 11264K, 0% used [0x00000000ee100000,0x00000000ee100000,0x00000000eec00000)
 ParOldGen       total 35840K, used 16916K [0x00000000c0000000, 0x00000000c2300000, 0x00000000eab00000)
  object space 35840K, 47% used [0x00000000c0000000,0x00000000c1085178,0x00000000c2300000)
 Metaspace       used 29520K, capacity 30326K, committed 30464K, reserved 1075200K
  class space    used 3990K, capacity 4329K, committed 4352K, reserved 1048576K
}
Event: 11.931 GC heap before
{Heap before GC invocations=12 (full 1):
 PSYoungGen      total 63488K, used 63457K [0x00000000eab00000, 0x00000000f0b80000, 0x0000000100000000)
  eden space 55296K, 100% used [0x00000000eab00000,0x00000000ee100000,0x00000000ee100000)
  from space 8192K, 99% used [0x00000000eec00000,0x00000000ef3f84f0,0x00000000ef400000)
  to   space 11264K, 0% used [0x00000000ee100000,0x00000000ee100000,0x00000000eec00000)
 ParOldGen       total 35840K, used 16916K [0x00000000c0000000, 0x00000000c2300000, 0x00000000eab00000)
  object space 35840K, 47% used [0x00000000c0000000,0x00000000c1085178,0x00000000c2300000)
 Metaspace       used 31503K, capacity 32742K, committed 32768K, reserved 1077248K
  class space    used 4353K, capacity 4852K, committed 4864K, reserved 1048576K
Event: 11.950 GC heap after
Heap after GC invocations=12 (full 1):
 PSYoungGen      total 66560K, used 11251K [0x00000000eab00000, 0x00000000f0b00000, 0x0000000100000000)
  eden space 55296K, 0% used [0x00000000eab00000,0x00000000eab00000,0x00000000ee100000)
  from space 11264K, 99% used [0x00000000ee100000,0x00000000eebfcc98,0x00000000eec00000)
  to   space 13824K, 0% used [0x00000000efd80000,0x00000000efd80000,0x00000000f0b00000)
 ParOldGen       total 35840K, used 20861K [0x00000000c0000000, 0x00000000c2300000, 0x00000000eab00000)
  object space 35840K, 58% used [0x00000000c0000000,0x00000000c145f560,0x00000000c2300000)
 Metaspace       used 31503K, capacity 32742K, committed 32768K, reserved 1077248K
  class space    used 4353K, capacity 4852K, committed 4864K, reserved 1048576K
}
Event: 12.546 GC heap before
{Heap before GC invocations=13 (full 1):
 PSYoungGen      total 66560K, used 66547K [0x00000000eab00000, 0x00000000f0b00000, 0x0000000100000000)
  eden space 55296K, 100% used [0x00000000eab00000,0x00000000ee100000,0x00000000ee100000)
  from space 11264K, 99% used [0x00000000ee100000,0x00000000eebfcc98,0x00000000eec00000)
  to   space 13824K, 0% used [0x00000000efd80000,0x00000000efd80000,0x00000000f0b00000)
 ParOldGen       total 35840K, used 20861K [0x00000000c0000000, 0x00000000c2300000, 0x00000000eab00000)
  object space 35840K, 58% used [0x00000000c0000000,0x00000000c145f560,0x00000000c2300000)
 Metaspace       used 32901K, capacity 34276K, committed 34432K, reserved 1079296K
  class space    used 4607K, capacity 5122K, committed 5248K, reserved 1048576K
Event: 12.889 GC heap after
Heap after GC invocations=13 (full 1):
 PSYoungGen      total 84992K, used 6891K [0x00000000eab00000, 0x00000000f1480000, 0x0000000100000000)
  eden space 71168K, 0% used [0x00000000eab00000,0x00000000eab00000,0x00000000ef080000)
  from space 13824K, 49% used [0x00000000efd80000,0x00000000f043ad00,0x00000000f0b00000)
  to   space 13312K, 0% used [0x00000000ef080000,0x00000000ef080000,0x00000000efd80000)
 ParOldGen       total 35840K, used 31736K [0x00000000c0000000, 0x00000000c2300000, 0x00000000eab00000)
  object space 35840K, 88% used [0x00000000c0000000,0x00000000c1efe290,0x00000000c2300000)
 Metaspace       used 32901K, capacity 34276K, committed 34432K, reserved 1079296K
  class space    used 4607K, capacity 5122K, committed 5248K, reserved 1048576K
}
Event: 12.889 GC heap before
{Heap before GC invocations=14 (full 2):
 PSYoungGen      total 84992K, used 6891K [0x00000000eab00000, 0x00000000f1480000, 0x0000000100000000)
  eden space 71168K, 0% used [0x00000000eab00000,0x00000000eab00000,0x00000000ef080000)
  from space 13824K, 49% used [0x00000000efd80000,0x00000000f043ad00,0x00000000f0b00000)
  to   space 13312K, 0% used [0x00000000ef080000,0x00000000ef080000,0x00000000efd80000)
 ParOldGen       total 35840K, used 31736K [0x00000000c0000000, 0x00000000c2300000, 0x00000000eab00000)
  object space 35840K, 88% used [0x00000000c0000000,0x00000000c1efe290,0x00000000c2300000)
 Metaspace       used 32901K, capacity 34276K, committed 34432K, reserved 1079296K
  class space    used 4607K, capacity 5122K, committed 5248K, reserved 1048576K
Event: 13.245 GC heap after
Heap after GC invocations=14 (full 2):
 PSYoungGen      total 84992K, used 0K [0x00000000eab00000, 0x00000000f1480000, 0x0000000100000000)
  eden space 71168K, 0% used [0x00000000eab00000,0x00000000eab00000,0x00000000ef080000)
  from space 13824K, 0% used [0x00000000efd80000,0x00000000efd80000,0x00000000f0b00000)
  to   space 13312K, 0% used [0x00000000ef080000,0x00000000ef080000,0x00000000efd80000)
 ParOldGen       total 68608K, used 31330K [0x00000000c0000000, 0x00000000c4300000, 0x00000000eab00000)
  object space 68608K, 45% used [0x00000000c0000000,0x00000000c1e98b68,0x00000000c4300000)
 Metaspace       used 32901K, capacity 34276K, committed 34432K, reserved 1079296K
  class space    used 4607K, capacity 5122K, committed 5248K, reserved 1048576K
}
Event: 14.936 GC heap before
{Heap before GC invocations=15 (full 2):
 PSYoungGen      total 84992K, used 71168K [0x00000000eab00000, 0x00000000f1480000, 0x0000000100000000)
  eden space 71168K, 100% used [0x00000000eab00000,0x00000000ef080000,0x00000000ef080000)
  from space 13824K, 0% used [0x00000000efd80000,0x00000000efd80000,0x00000000f0b00000)
  to   space 13312K, 0% used [0x00000000ef080000,0x00000000ef080000,0x00000000efd80000)
 ParOldGen       total 68608K, used 31330K [0x00000000c0000000, 0x00000000c4300000, 0x00000000eab00000)
  object space 68608K, 45% used [0x00000000c0000000,0x00000000c1e98b68,0x00000000c4300000)
 Metaspace       used 36685K, capacity 38353K, committed 38400K, reserved 1081344K
  class space    used 5191K, capacity 5853K, committed 5888K, reserved 1048576K
Event: 14.956 GC heap after
Heap after GC invocations=15 (full 2):
 PSYoungGen      total 84480K, used 8692K [0x00000000eab00000, 0x00000000f1480000, 0x0000000100000000)
  eden space 71168K, 0% used [0x00000000eab00000,0x00000000eab00000,0x00000000ef080000)
  from space 13312K, 65% used [0x00000000ef080000,0x00000000ef8fd0a0,0x00000000efd80000)
  to   space 13824K, 0% used [0x00000000efd80000,0x00000000efd80000,0x00000000f0b00000)
 ParOldGen       total 68608K, used 31338K [0x00000000c0000000, 0x00000000c4300000, 0x00000000eab00000)
  object space 68608K, 45% used [0x00000000c0000000,0x00000000c1e9ab68,0x00000000c4300000)
 Metaspace       used 36685K, capacity 38353K, committed 38400K, reserved 1081344K
  class space    used 5191K, capacity 5853K, committed 5888K, reserved 1048576K
}

