# JRE version: Java(TM) SE Runtime Environment (8.0_45-b15) (build 1.8.0_45-b15)
# Java VM: Java HotSpot(TM) 64-Bit Server VM (25.45-b02 mixed mode windows-amd64 compressed oops)
Heap:
 PSYoungGen      total 37376K, used 15224K [0x00000000eab00000, 0x00000000ed600000, 0x0000000100000000)
  eden space 30720K, 34% used [0x00000000eab00000,0x00000000eb5718f8,0x00000000ec900000)
  from space 6656K, 68% used [0x00000000ecf80000,0x00000000ed3ecaa8,0x00000000ed600000)
  to   space 6656K, 0% used [0x00000000ec900000,0x00000000ec900000,0x00000000ecf80000)
 ParOldGen       total 40960K, used 8031K [0x00000000c0000000, 0x00000000c2800000, 0x00000000eab00000)
  object space 40960K, 19% used [0x00000000c0000000,0x00000000c07d7c68,0x00000000c2800000)
 Metaspace       used 19113K, capacity 19518K, committed 19712K, reserved 1067008K
  class space    used 2639K, capacity 2799K, committed 2816K, reserved 1048576K
GC Heap History (10 events):
Event: 1.197 GC heap before
{Heap before GC invocations=2 (full 0):
 PSYoungGen      total 17920K, used 17892K [0x00000000eab00000, 0x00000000ebf00000, 0x0000000100000000)
  eden space 15360K, 99% used [0x00000000eab00000,0x00000000eb9ffc98,0x00000000eba00000)
  from space 2560K, 98% used [0x00000000eba00000,0x00000000ebc795f0,0x00000000ebc80000)
  to   space 2560K, 0% used [0x00000000ebc80000,0x00000000ebc80000,0x00000000ebf00000)
 ParOldGen       total 40960K, used 741K [0x00000000c0000000, 0x00000000c2800000, 0x00000000eab00000)
  object space 40960K, 1% used [0x00000000c0000000,0x00000000c00b95b8,0x00000000c2800000)
 Metaspace       used 7297K, capacity 7552K, committed 7680K, reserved 1056768K
  class space    used 947K, capacity 1024K, committed 1024K, reserved 1048576K
Event: 1.200 GC heap after
Heap after GC invocations=2 (full 0):
 PSYoungGen      total 17920K, used 2531K [0x00000000eab00000, 0x00000000ebf00000, 0x0000000100000000)
  eden space 15360K, 0% used [0x00000000eab00000,0x00000000eab00000,0x00000000eba00000)
  from space 2560K, 98% used [0x00000000ebc80000,0x00000000ebef8da8,0x00000000ebf00000)
  to   space 2560K, 0% used [0x00000000eba00000,0x00000000eba00000,0x00000000ebc80000)
 ParOldGen       total 40960K, used 813K [0x00000000c0000000, 0x00000000c2800000, 0x00000000eab00000)
  object space 40960K, 1% used [0x00000000c0000000,0x00000000c00cb5b8,0x00000000c2800000)
 Metaspace       used 7297K, capacity 7552K, committed 7680K, reserved 1056768K
  class space    used 947K, capacity 1024K, committed 1024K, reserved 1048576K
}
Event: 2.593 GC heap before
{Heap before GC invocations=3 (full 0):
 PSYoungGen      total 17920K, used 17891K [0x00000000eab00000, 0x00000000ebf00000, 0x0000000100000000)
  eden space 15360K, 100% used [0x00000000eab00000,0x00000000eba00000,0x00000000eba00000)
  from space 2560K, 98% used [0x00000000ebc80000,0x00000000ebef8da8,0x00000000ebf00000)
  to   space 2560K, 0% used [0x00000000eba00000,0x00000000eba00000,0x00000000ebc80000)
 ParOldGen       total 40960K, used 813K [0x00000000c0000000, 0x00000000c2800000, 0x00000000eab00000)
  object space 40960K, 1% used [0x00000000c0000000,0x00000000c00cb5b8,0x00000000c2800000)
 Metaspace       used 10880K, capacity 11232K, committed 11392K, reserved 1058816K
  class space    used 1445K, capacity 1578K, committed 1664K, reserved 1048576K
Event: 2.600 GC heap after
Heap after GC invocations=3 (full 0):
 PSYoungGen      total 17920K, used 2544K [0x00000000eab00000, 0x00000000ebf00000, 0x0000000100000000)
  eden space 15360K, 0% used [0x00000000eab00000,0x00000000eab00000,0x00000000eba00000)
  from space 2560K, 99% used [0x00000000eba00000,0x00000000ebc7c010,0x00000000ebc80000)
  to   space 2560K, 0% used [0x00000000ebc80000,0x00000000ebc80000,0x00000000ebf00000)
 ParOldGen       total 40960K, used 2607K [0x00000000c0000000, 0x00000000c2800000, 0x00000000eab00000)
  object space 40960K, 6% used [0x00000000c0000000,0x00000000c028bd70,0x00000000c2800000)
 Metaspace       used 10880K, capacity 11232K, committed 11392K, reserved 1058816K
  class space    used 1445K, capacity 1578K, committed 1664K, reserved 1048576K
}
Event: 2.907 GC heap before
{Heap before GC invocations=4 (full 0):
 PSYoungGen      total 17920K, used 17904K [0x00000000eab00000, 0x00000000ebf00000, 0x0000000100000000)
  eden space 15360K, 100% used [0x00000000eab00000,0x00000000eba00000,0x00000000eba00000)
  from space 2560K, 99% used [0x00000000eba00000,0x00000000ebc7c010,0x00000000ebc80000)
  to   space 2560K, 0% used [0x00000000ebc80000,0x00000000ebc80000,0x00000000ebf00000)
 ParOldGen       total 40960K, used 2607K [0x00000000c0000000, 0x00000000c2800000, 0x00000000eab00000)
  object space 40960K, 6% used [0x00000000c0000000,0x00000000c028bd70,0x00000000c2800000)
 Metaspace       used 12851K, capacity 13216K, committed 13440K, reserved 1060864K
  class space    used 1766K, capacity 1898K, committed 1920K, reserved 1048576K
Event: 2.933 GC heap after
Heap after GC invocations=4 (full 0):
 PSYoungGen      total 17920K, used 2544K [0x00000000eab00000, 0x00000000ece00000, 0x0000000100000000)
  eden space 15360K, 0% used [0x00000000eab00000,0x00000000eab00000,0x00000000eba00000)
  from space 2560K, 99% used [0x00000000ebc80000,0x00000000ebefc030,0x00000000ebf00000)
  to   space 2560K, 0% used [0x00000000eba00000,0x00000000eba00000,0x00000000ebc80000)
 ParOldGen       total 40960K, used 5034K [0x00000000c0000000, 0x00000000c2800000, 0x00000000eab00000)
  object space 40960K, 12% used [0x00000000c0000000,0x00000000c04ea858,0x00000000c2800000)
 Metaspace       used 12851K, capacity 13216K, committed 13440K, reserved 1060864K
  class space    used 1766K, capacity 1898K, committed 1920K, reserved 1048576K
}
Event: 3.274 GC heap before
{Heap before GC invocations=5 (full 0):
 PSYoungGen      total 17920K, used 17904K [0x00000000eab00000, 0x00000000ece00000, 0x0000000100000000)
  eden space 15360K, 100% used [0x00000000eab00000,0x00000000eba00000,0x00000000eba00000)
  from space 2560K, 99% used [0x00000000ebc80000,0x00000000ebefc030,0x00000000ebf00000)
  to   space 2560K, 0% used [0x00000000eba00000,0x00000000eba00000,0x00000000ebc80000)
 ParOldGen       total 40960K, used 5034K [0x00000000c0000000, 0x00000000c2800000, 0x00000000eab00000)
  object space 40960K, 12% used [0x00000000c0000000,0x00000000c04ea858,0x00000000c2800000)
 Metaspace       used 16482K, capacity 16736K, committed 17024K, reserved 1064960K
  class space    used 2223K, capacity 2346K, committed 2432K, reserved 1048576K
Event: 3.281 GC heap after
Heap after GC invocations=5 (full 0):
 PSYoungGen      total 17920K, used 2528K [0x00000000eab00000, 0x00000000ed600000, 0x0000000100000000)
  eden space 15360K, 0% used [0x00000000eab00000,0x00000000eab00000,0x00000000eba00000)
  from space 2560K, 98% used [0x00000000eba00000,0x00000000ebc78020,0x00000000ebc80000)
  to   space 6656K, 0% used [0x00000000ecf80000,0x00000000ecf80000,0x00000000ed600000)
 ParOldGen       total 40960K, used 8031K [0x00000000c0000000, 0x00000000c2800000, 0x00000000eab00000)
  object space 40960K, 19% used [0x00000000c0000000,0x00000000c07d7c68,0x00000000c2800000)
 Metaspace       used 16482K, capacity 16736K, committed 17024K, reserved 1064960K
  class space    used 2223K, capacity 2346K, committed 2432K, reserved 1048576K
}
Event: 3.597 GC heap before
{Heap before GC invocations=6 (full 0):
 PSYoungGen      total 17920K, used 17888K [0x00000000eab00000, 0x00000000ed600000, 0x0000000100000000)
  eden space 15360K, 100% used [0x00000000eab00000,0x00000000eba00000,0x00000000eba00000)
  from space 2560K, 98% used [0x00000000eba00000,0x00000000ebc78020,0x00000000ebc80000)
  to   space 6656K, 0% used [0x00000000ecf80000,0x00000000ecf80000,0x00000000ed600000)
 ParOldGen       total 40960K, used 8031K [0x00000000c0000000, 0x00000000c2800000, 0x00000000eab00000)
  object space 40960K, 19% used [0x00000000c0000000,0x00000000c07d7c68,0x00000000c2800000)
 Metaspace       used 17898K, capacity 18258K, committed 18560K, reserved 1064960K
  class space    used 2446K, capacity 2573K, committed 2688K, reserved 1048576K
Event: 3.611 GC heap after
Heap after GC invocations=6 (full 0):
 PSYoungGen      total 37376K, used 4530K [0x00000000eab00000, 0x00000000ed600000, 0x0000000100000000)
  eden space 30720K, 0% used [0x00000000eab00000,0x00000000eab00000,0x00000000ec900000)
  from space 6656K, 68% used [0x00000000ecf80000,0x00000000ed3ecaa8,0x00000000ed600000)
  to   space 6656K, 0% used [0x00000000ec900000,0x00000000ec900000,0x00000000ecf80000)
 ParOldGen       total 40960K, used 8031K [0x00000000c0000000, 0x00000000c2800000, 0x00000000eab00000)
  object space 40960K, 19% used [0x00000000c0000000,0x00000000c07d7c68,0x00000000c2800000)
 Metaspace       used 17898K, capacity 18258K, committed 18560K, reserved 1064960K
  class space    used 2446K, capacity 2573K, committed 2688K, reserved 1048576K
}

